2022-07-08 14:12:23,293 INFO r.k.f.Bot [main] Bot started!
2022-07-08 14:12:25,458 INFO r.k.f.Bot [personal_financier1_bot Telegram Executor] New update!
2022-07-08 14:12:25,460 INFO r.k.f.Bot [personal_financier1_bot Telegram Executor] Processing message: Салон красоты 200
2022-07-08 14:12:36,338 INFO r.k.f.Bot [personal_financier1_bot Telegram Executor] New update!
2022-07-08 14:12:36,339 INFO r.k.f.Bot [personal_financier1_bot Telegram Executor] Processing message: Салон красоты 200
2022-07-08 14:12:47,837 INFO r.k.f.Bot [personal_financier1_bot Telegram Executor] New update!
2022-07-08 14:12:47,838 INFO r.k.f.Bot [personal_financier1_bot Telegram Executor] Execution command: /list_expenses
2022-07-08 14:13:33,448 INFO r.k.f.Bot [personal_financier1_bot Telegram Executor] New update!
2022-07-08 14:13:33,451 INFO r.k.f.Bot [personal_financier1_bot Telegram Executor] Processing message: Машина - 200
2022-07-08 14:14:00,522 INFO r.k.f.Bot [personal_financier1_bot Telegram Executor] New update!
2022-07-08 14:14:00,524 INFO r.k.f.Bot [personal_financier1_bot Telegram Executor] Execution command: /list_expenses
2022-07-08 14:14:35,798 INFO r.k.f.Bot [main] Bot started!
2022-07-08 14:14:38,577 INFO r.k.f.Bot [personal_financier1_bot Telegram Executor] New update!
2022-07-08 14:14:38,579 INFO r.k.f.Bot [personal_financier1_bot Telegram Executor] Processing message: Салон красоты 200
2022-07-08 14:15:54,884 INFO r.k.f.Bot [main] Bot started!
2022-07-08 14:15:57,139 INFO r.k.f.Bot [personal_financier1_bot Telegram Executor] New update!
2022-07-08 14:15:57,140 INFO r.k.f.Bot [personal_financier1_bot Telegram Executor] Processing message: Салон красоты 200
2022-07-08 14:15:57,168 INFO r.k.f.Bot [personal_financier1_bot Telegram Executor] Create category : Салон красоты 200
2022-07-08 14:17:08,052 INFO r.k.f.Bot [main] Bot started!
2022-07-08 14:17:10,708 INFO r.k.f.Bot [personal_financier1_bot Telegram Executor] New update!
2022-07-08 14:17:10,711 INFO r.k.f.Bot [personal_financier1_bot Telegram Executor] Processing message: Салон красоты 200
2022-07-08 14:21:36,068 INFO r.k.f.Bot [main] Bot started!
2022-07-08 14:21:38,404 INFO r.k.f.Bot [personal_financier1_bot Telegram Executor] New update!
2022-07-08 14:21:38,406 INFO r.k.f.Bot [personal_financier1_bot Telegram Executor] Processing message: Салон красоты 200
2022-07-08 14:21:38,440 INFO r.k.f.Bot [personal_financier1_bot Telegram Executor] Create category : Салон красоты 200
2022-07-08 14:21:57,145 INFO r.k.f.Bot [main] Bot started!
2022-07-08 14:21:59,134 INFO r.k.f.Bot [personal_financier1_bot Telegram Executor] New update!
2022-07-08 14:21:59,136 INFO r.k.f.Bot [personal_financier1_bot Telegram Executor] Processing message: Салон красоты 200
2022-07-08 14:21:59,165 INFO r.k.f.Bot [personal_financier1_bot Telegram Executor] Create category : Салон красоты 200
2022-07-08 14:22:01,377 INFO r.k.f.Bot [personal_financier1_bot Telegram Executor] New update!
2022-07-08 14:22:01,378 INFO r.k.f.Bot [personal_financier1_bot Telegram Executor] Execution command: /cancel_delete
2022-07-08 14:22:04,271 INFO r.k.f.Bot [personal_financier1_bot Telegram Executor] New update!
2022-07-08 14:22:04,272 INFO r.k.f.Bot [personal_financier1_bot Telegram Executor] Processing message: Салон красоты 200
2022-07-08 14:22:04,276 INFO r.k.f.Bot [personal_financier1_bot Telegram Executor] Create category : Салон красоты 200
2022-07-08 14:22:10,813 INFO r.k.f.Bot [personal_financier1_bot Telegram Executor] New update!
2022-07-08 14:22:10,813 INFO r.k.f.Bot [personal_financier1_bot Telegram Executor] Execution command: /list_expenses
2022-07-08 14:22:17,351 INFO r.k.f.Bot [personal_financier1_bot Telegram Executor] New update!
2022-07-08 14:22:17,352 INFO r.k.f.Bot [personal_financier1_bot Telegram Executor] Execution command: /delete_category
2022-07-08 14:22:19,298 INFO r.k.f.Bot [personal_financier1_bot Telegram Executor] New update!
2022-07-08 14:22:19,301 INFO r.k.f.Bot [personal_financier1_bot Telegram Executor] Delete a button: nullСалон красоты 
2022-07-08 14:22:20,790 INFO r.k.f.Bot [personal_financier1_bot Telegram Executor] New update!
2022-07-08 14:22:20,791 INFO r.k.f.Bot [personal_financier1_bot Telegram Executor] Delete a button: СалонСалон красоты 
2022-07-08 14:22:23,590 INFO r.k.f.Bot [personal_financier1_bot Telegram Executor] New update!
2022-07-08 14:22:23,594 INFO r.k.f.Bot [personal_financier1_bot Telegram Executor] Execution command: /list_expenses
2022-07-08 14:23:09,109 INFO r.k.f.Bot [main] Bot started!
2022-07-08 14:23:11,112 INFO r.k.f.Bot [personal_financier1_bot Telegram Executor] New update!
2022-07-08 14:23:11,115 INFO r.k.f.Bot [personal_financier1_bot Telegram Executor] Processing message: Салон красоты 200
2022-07-08 14:23:11,149 INFO r.k.f.Bot [personal_financier1_bot Telegram Executor] Create category : Салон красоты 200
2022-07-08 14:24:24,752 INFO r.k.f.Bot [main] Bot started!
2022-07-08 14:24:26,821 INFO r.k.f.Bot [personal_financier1_bot Telegram Executor] New update!
2022-07-08 14:24:26,824 INFO r.k.f.Bot [personal_financier1_bot Telegram Executor] Processing message: Салон красоты 200
2022-07-08 14:24:26,853 INFO r.k.f.Bot [personal_financier1_bot Telegram Executor] Create category : Салон красоты 200
2022-07-08 14:24:36,484 INFO r.k.f.Bot [personal_financier1_bot Telegram Executor] New update!
2022-07-08 14:24:36,486 INFO r.k.f.Bot [personal_financier1_bot Telegram Executor] Execution command: /list_expenses
2022-07-08 14:24:41,197 INFO r.k.f.Bot [personal_financier1_bot Telegram Executor] New update!
2022-07-08 14:24:41,198 INFO r.k.f.Bot [personal_financier1_bot Telegram Executor] Execution command: /delete_category
2022-07-08 14:24:43,032 INFO r.k.f.Bot [personal_financier1_bot Telegram Executor] New update!
2022-07-08 14:24:43,033 INFO r.k.f.Bot [personal_financier1_bot Telegram Executor] Delete a button: Салонкрасоты 
2022-07-08 14:24:45,521 INFO r.k.f.Bot [personal_financier1_bot Telegram Executor] New update!
2022-07-08 14:24:45,521 INFO r.k.f.Bot [personal_financier1_bot Telegram Executor] Delete a button: Салонкрасоты
2022-07-08 14:24:52,094 INFO r.k.f.Bot [personal_financier1_bot Telegram Executor] New update!
2022-07-08 14:24:52,094 INFO r.k.f.Bot [personal_financier1_bot Telegram Executor] Execution command: /list_expenses
2022-07-08 14:24:57,291 INFO r.k.f.Bot [personal_financier1_bot Telegram Executor] New update!
2022-07-08 14:24:57,294 INFO r.k.f.Bot [personal_financier1_bot Telegram Executor] Processing message: Салон красоты 200
2022-07-08 14:25:06,100 INFO r.k.f.Bot [personal_financier1_bot Telegram Executor] New update!
2022-07-08 14:25:06,101 INFO r.k.f.Bot [personal_financier1_bot Telegram Executor] Processing message: Салон красоты 200
2022-07-08 14:26:18,106 INFO r.k.f.Bot [main] Bot started!
2022-07-08 14:26:20,041 INFO r.k.f.Bot [personal_financier1_bot Telegram Executor] New update!
2022-07-08 14:26:20,042 INFO r.k.f.Bot [personal_financier1_bot Telegram Executor] Processing message: Салон красоты 200
2022-07-08 14:26:20,074 INFO r.k.f.Bot [personal_financier1_bot Telegram Executor] Add to category - Салон красоты
2022-07-08 14:26:28,218 INFO r.k.f.Bot [personal_financier1_bot Telegram Executor] New update!
2022-07-08 14:26:28,219 INFO r.k.f.Bot [personal_financier1_bot Telegram Executor] Execution command: /list_expenses
2022-07-08 14:26:30,650 INFO r.k.f.Bot [personal_financier1_bot Telegram Executor] New update!
2022-07-08 14:26:30,651 INFO r.k.f.Bot [personal_financier1_bot Telegram Executor] Processing message: Салон красоты 200
2022-07-08 14:26:30,654 INFO r.k.f.Bot [personal_financier1_bot Telegram Executor] Add to category - Салон красоты
2022-07-08 14:26:35,388 INFO r.k.f.Bot [personal_financier1_bot Telegram Executor] New update!
2022-07-08 14:26:35,389 INFO r.k.f.Bot [personal_financier1_bot Telegram Executor] Processing message: Салон красоты 200
2022-07-08 14:26:35,467 INFO r.k.f.Bot [personal_financier1_bot Telegram Executor] Add to category - Салон красоты
2022-07-08 14:26:38,457 INFO r.k.f.Bot [personal_financier1_bot Telegram Executor] New update!
2022-07-08 14:26:38,460 INFO r.k.f.Bot [personal_financier1_bot Telegram Executor] Processing message: Салон красоты 200
2022-07-08 14:26:38,534 INFO r.k.f.Bot [personal_financier1_bot Telegram Executor] Add to category - Салон красоты
2022-07-08 14:26:48,085 INFO r.k.f.Bot [personal_financier1_bot Telegram Executor] New update!
2022-07-08 14:26:48,085 INFO r.k.f.Bot [personal_financier1_bot Telegram Executor] Processing message: Шоппинг 200
2022-07-08 14:26:48,162 INFO r.k.f.Bot [personal_financier1_bot Telegram Executor] Create category : Шоппинг 200
2022-07-08 14:26:52,485 INFO r.k.f.Bot [personal_financier1_bot Telegram Executor] New update!
2022-07-08 14:26:52,487 INFO r.k.f.Bot [personal_financier1_bot Telegram Executor] Execution command: /list_expenses
2022-07-08 14:26:54,840 INFO r.k.f.Bot [personal_financier1_bot Telegram Executor] New update!
2022-07-08 14:26:54,842 INFO r.k.f.Bot [personal_financier1_bot Telegram Executor] Processing message: Салон красоты 200
2022-07-08 14:26:54,846 INFO r.k.f.Bot [personal_financier1_bot Telegram Executor] Add to category - Салон красоты
2022-07-08 14:26:59,505 INFO r.k.f.Bot [personal_financier1_bot Telegram Executor] New update!
2022-07-08 14:26:59,506 INFO r.k.f.Bot [personal_financier1_bot Telegram Executor] Execution command: /cancel_delete
2022-07-08 15:32:53,255 INFO r.k.f.Bot [main] Bot started!
2022-07-08 15:32:55,859 INFO r.k.f.Bot [personal_financier1_bot Telegram Executor] New update!
2022-07-08 15:32:55,861 INFO r.k.f.Bot [personal_financier1_bot Telegram Executor] Processing message: Машина - 550
2022-07-08 15:32:56,065 INFO r.k.f.Bot [personal_financier1_bot Telegram Executor] Create category : Машина - 550
2022-07-08 15:32:56,542 INFO r.k.f.Bot [personal_financier1_bot Telegram Executor] New update!
2022-07-08 15:32:56,543 INFO r.k.f.Bot [personal_financier1_bot Telegram Executor] Processing message: Клуб - 7000
2022-07-08 15:32:56,738 INFO r.k.f.Bot [personal_financier1_bot Telegram Executor] Create category : Клуб - 7000
2022-07-08 15:33:07,384 INFO r.k.f.Bot [personal_financier1_bot Telegram Executor] New update!
2022-07-08 15:33:07,390 INFO r.k.f.Bot [personal_financier1_bot Telegram Executor] Execution command: /list_expenses
2022-07-08 15:50:07,884 INFO r.k.f.Bot [main] Bot started!
2022-07-08 15:50:10,299 INFO r.k.f.Bot [personal_financier1_bot Telegram Executor] New update!
2022-07-08 15:50:10,302 INFO r.k.f.Bot [personal_financier1_bot Telegram Executor] Processing message: Уборщица 200
2022-07-08 15:50:10,344 INFO r.k.f.Bot [personal_financier1_bot Telegram Executor] Create category : Уборщица 200
2022-07-08 15:50:10,602 INFO r.k.f.Bot [personal_financier1_bot Telegram Executor] New update!
2022-07-08 15:50:10,602 INFO r.k.f.Bot [personal_financier1_bot Telegram Executor] Processing message: Уборщица 200
2022-07-08 15:50:10,702 INFO r.k.f.Bot [personal_financier1_bot Telegram Executor] Add to category - Уборщица
2022-07-08 15:50:15,957 INFO r.k.f.Bot [personal_financier1_bot Telegram Executor] New update!
2022-07-08 15:50:15,960 INFO r.k.f.Bot [personal_financier1_bot Telegram Executor] Execution command: /list_expenses
2022-07-08 16:06:40,964 INFO r.k.f.Bot [main] Bot started!
2022-07-08 16:06:51,420 INFO r.k.f.Bot [main] Bot started!
2022-07-08 16:06:56,063 INFO r.k.f.Bot [personal_financier1_bot Telegram Executor] New update!
2022-07-08 16:06:56,065 INFO r.k.f.Bot [personal_financier1_bot Telegram Executor] Execution command: /start
2022-07-08 16:10:01,901 INFO r.k.f.Bot [personal_financier1_bot Telegram Executor] New update!
2022-07-08 16:10:01,901 INFO r.k.f.Bot [personal_financier1_bot Telegram Executor] Execution command: /start
2022-07-08 16:10:26,854 INFO r.k.f.Bot [personal_financier1_bot Telegram Executor] New update!
2022-07-08 16:10:57,074 INFO r.k.f.Bot [main] Bot started!
2022-07-08 16:11:15,276 INFO r.k.f.Bot [personal_financier1_bot Telegram Executor] New update!
2022-07-08 16:11:18,583 INFO r.k.f.Bot [personal_financier1_bot Telegram Executor] New update!
2022-07-08 16:11:18,588 INFO r.k.f.Bot [personal_financier1_bot Telegram Executor] Execution command: /start
2022-07-08 16:11:20,956 INFO r.k.f.Bot [personal_financier1_bot Telegram Executor] New update!
2022-07-08 16:11:20,956 INFO r.k.f.Bot [personal_financier1_bot Telegram Executor] Execution command: /help
2022-07-08 16:18:32,775 INFO r.k.f.Bot [personal_financier1_bot Telegram Executor] New update!
2022-07-08 16:18:32,776 INFO r.k.f.Bot [personal_financier1_bot Telegram Executor] Execution command: /delete_category
2022-07-08 16:18:34,386 INFO r.k.f.Bot [personal_financier1_bot Telegram Executor] New update!
2022-07-08 16:18:34,387 INFO r.k.f.Bot [personal_financier1_bot Telegram Executor] Delete a button: Уборщица
2022-07-08 16:18:36,735 INFO r.k.f.Bot [personal_financier1_bot Telegram Executor] New update!
2022-07-08 16:18:36,735 INFO r.k.f.Bot [personal_financier1_bot Telegram Executor] Delete a button: Квартира
2022-07-08 16:18:37,924 INFO r.k.f.Bot [personal_financier1_bot Telegram Executor] New update!
2022-07-08 16:18:37,924 INFO r.k.f.Bot [personal_financier1_bot Telegram Executor] Delete a button: Шоппинг
2022-07-08 16:18:39,595 INFO r.k.f.Bot [personal_financier1_bot Telegram Executor] New update!
2022-07-08 16:18:39,595 INFO r.k.f.Bot [personal_financier1_bot Telegram Executor] Delete a button: Салон красоты
2022-07-08 16:18:40,704 INFO r.k.f.Bot [personal_financier1_bot Telegram Executor] New update!
2022-07-08 16:18:40,705 INFO r.k.f.Bot [personal_financier1_bot Telegram Executor] Delete a button: Клуб -
2022-07-08 16:18:42,052 INFO r.k.f.Bot [personal_financier1_bot Telegram Executor] New update!
2022-07-08 16:18:42,052 INFO r.k.f.Bot [personal_financier1_bot Telegram Executor] Delete a button: Машина -
2022-07-08 16:18:44,994 INFO r.k.f.Bot [personal_financier1_bot Telegram Executor] New update!
2022-07-08 16:18:44,994 INFO r.k.f.Bot [personal_financier1_bot Telegram Executor] Delete a button: Продукты
2022-07-08 16:18:46,297 INFO r.k.f.Bot [personal_financier1_bot Telegram Executor] New update!
2022-07-08 16:18:46,298 INFO r.k.f.Bot [personal_financier1_bot Telegram Executor] Delete a button: Бензин
2022-07-08 16:18:49,656 INFO r.k.f.Bot [personal_financier1_bot Telegram Executor] New update!
2022-07-08 16:18:49,657 INFO r.k.f.Bot [personal_financier1_bot Telegram Executor] Execution command: /list_expenses
2022-07-08 16:19:04,777 INFO r.k.f.Bot [main] Bot started!
2022-07-08 16:19:06,564 INFO r.k.f.Bot [personal_financier1_bot Telegram Executor] New update!
2022-07-08 16:19:06,565 INFO r.k.f.Bot [personal_financier1_bot Telegram Executor] Execution command: /list_expenses
2022-07-08 16:19:09,828 INFO r.k.f.Bot [personal_financier1_bot Telegram Executor] New update!
2022-07-08 16:19:09,829 INFO r.k.f.Bot [personal_financier1_bot Telegram Executor] Execution command: /list_expenses
2022-07-08 16:19:25,282 INFO r.k.f.Bot [main] Bot started!
2022-07-08 16:19:29,247 INFO r.k.f.Bot [personal_financier1_bot Telegram Executor] New update!
2022-07-08 16:19:29,248 INFO r.k.f.Bot [personal_financier1_bot Telegram Executor] Execution command: /list_expenses
2022-07-08 16:20:50,526 INFO r.k.f.Bot [main] Bot started!
2022-07-08 16:20:52,454 INFO r.k.f.Bot [personal_financier1_bot Telegram Executor] New update!
2022-07-08 16:20:52,455 INFO r.k.f.Bot [personal_financier1_bot Telegram Executor] Execution command: /list_expenses
2022-07-08 16:21:09,560 INFO r.k.f.Bot [main] Bot started!
2022-07-08 16:21:10,805 INFO r.k.f.Bot [personal_financier1_bot Telegram Executor] New update!
2022-07-08 16:21:10,806 INFO r.k.f.Bot [personal_financier1_bot Telegram Executor] Execution command: /list_expenses
2022-07-08 16:21:17,239 INFO r.k.f.Bot [personal_financier1_bot Telegram Executor] New update!
2022-07-08 16:21:17,239 INFO r.k.f.Bot [personal_financier1_bot Telegram Executor] Execution command: /delete_category
2022-07-08 16:21:47,838 INFO r.k.f.Bot [main] Bot started!
2022-07-08 16:21:49,079 INFO r.k.f.Bot [personal_financier1_bot Telegram Executor] New update!
2022-07-08 16:21:49,080 INFO r.k.f.Bot [personal_financier1_bot Telegram Executor] Execution command: /delete_category
2022-07-08 16:21:58,600 INFO r.k.f.Bot [main] Bot started!
2022-07-08 16:22:00,006 INFO r.k.f.Bot [personal_financier1_bot Telegram Executor] New update!
2022-07-08 16:22:00,007 INFO r.k.f.Bot [personal_financier1_bot Telegram Executor] Execution command: /delete_category
2022-07-08 16:23:21,235 INFO r.k.f.Bot [main] Bot started!
2022-07-08 16:23:22,595 INFO r.k.f.Bot [personal_financier1_bot Telegram Executor] New update!
2022-07-08 16:23:22,596 INFO r.k.f.Bot [personal_financier1_bot Telegram Executor] Execution command: /delete_category
2022-07-08 16:23:29,226 INFO r.k.f.Bot [personal_financier1_bot Telegram Executor] New update!
2022-07-08 16:23:29,227 INFO r.k.f.Bot [personal_financier1_bot Telegram Executor] Processing message: Бензин 200
2022-07-08 16:24:17,620 INFO r.k.f.Bot [main] Bot started!
2022-07-08 16:24:20,285 INFO r.k.f.Bot [personal_financier1_bot Telegram Executor] New update!
2022-07-08 16:24:20,286 INFO r.k.f.Bot [personal_financier1_bot Telegram Executor] Execution command: /delete_category
2022-07-08 16:24:24,496 INFO r.k.f.Bot [personal_financier1_bot Telegram Executor] New update!
2022-07-08 16:24:24,496 INFO r.k.f.Bot [personal_financier1_bot Telegram Executor] Processing message: Бензин 200
2022-07-08 16:25:01,275 INFO r.k.f.Bot [main] Bot started!
2022-07-08 16:25:02,735 INFO r.k.f.Bot [personal_financier1_bot Telegram Executor] New update!
2022-07-08 16:25:02,736 INFO r.k.f.Bot [personal_financier1_bot Telegram Executor] Execution command: /delete_category
2022-07-08 16:25:22,706 INFO r.k.f.Bot [personal_financier1_bot Telegram Executor] New update!
2022-07-08 16:25:22,707 INFO r.k.f.Bot [personal_financier1_bot Telegram Executor] Processing message: Бензин 200
2022-07-08 16:27:11,156 INFO r.k.f.Bot [main] Bot started!
2022-07-08 16:27:16,215 INFO r.k.f.Bot [personal_financier1_bot Telegram Executor] New update!
2022-07-08 16:27:16,216 INFO r.k.f.Bot [personal_financier1_bot Telegram Executor] Processing message: Бензин 200
2022-07-08 16:27:16,234 INFO r.k.f.Bot [personal_financier1_bot Telegram Executor] Create category : Бензин 200
2022-07-08 16:27:33,440 INFO r.k.f.Bot [personal_financier1_bot Telegram Executor] New update!
2022-07-08 16:27:33,441 INFO r.k.f.Bot [personal_financier1_bot Telegram Executor] Execution command: /delete_category
2022-07-08 16:27:35,214 INFO r.k.f.Bot [personal_financier1_bot Telegram Executor] New update!
2022-07-08 16:27:35,215 INFO r.k.f.Bot [personal_financier1_bot Telegram Executor] Delete a button: Бензин
2022-07-08 16:27:38,208 INFO r.k.f.Bot [personal_financier1_bot Telegram Executor] New update!
2022-07-08 16:27:38,209 INFO r.k.f.Bot [personal_financier1_bot Telegram Executor] Processing message: Бензин 200
2022-07-08 16:28:11,598 INFO r.k.f.Bot [main] Bot started!
2022-07-08 16:28:12,844 INFO r.k.f.Bot [personal_financier1_bot Telegram Executor] New update!
2022-07-08 16:28:12,845 INFO r.k.f.Bot [personal_financier1_bot Telegram Executor] Execution command: /list_expenses
2022-07-08 16:28:14,695 INFO r.k.f.Bot [personal_financier1_bot Telegram Executor] New update!
2022-07-08 16:28:14,695 INFO r.k.f.Bot [personal_financier1_bot Telegram Executor] Processing message: Бензин 200
2022-07-08 16:28:14,698 INFO r.k.f.Bot [personal_financier1_bot Telegram Executor] Create category : Бензин 200
2022-07-08 16:28:17,742 INFO r.k.f.Bot [personal_financier1_bot Telegram Executor] New update!
2022-07-08 16:28:17,743 INFO r.k.f.Bot [personal_financier1_bot Telegram Executor] Execution command: /delete_category
2022-07-08 16:28:19,143 INFO r.k.f.Bot [personal_financier1_bot Telegram Executor] New update!
2022-07-08 16:28:19,143 INFO r.k.f.Bot [personal_financier1_bot Telegram Executor] Delete a button: Бензин
2022-07-08 16:28:21,760 INFO r.k.f.Bot [personal_financier1_bot Telegram Executor] New update!
2022-07-08 16:28:21,761 INFO r.k.f.Bot [personal_financier1_bot Telegram Executor] Execution command: /delete_category
2022-07-08 16:28:30,993 INFO r.k.f.Bot [personal_financier1_bot Telegram Executor] New update!
2022-07-08 16:28:30,993 INFO r.k.f.Bot [personal_financier1_bot Telegram Executor] Processing message: Бензин 200
2022-07-08 16:29:37,053 INFO r.k.f.Bot [main] Bot started!
2022-07-08 16:29:38,332 INFO r.k.f.Bot [personal_financier1_bot Telegram Executor] New update!
2022-07-08 16:29:38,333 INFO r.k.f.Bot [personal_financier1_bot Telegram Executor] Execution command: /delete_category
2022-07-08 16:29:47,730 INFO r.k.f.Bot [main] Bot started!
2022-07-08 16:29:49,854 INFO r.k.f.Bot [personal_financier1_bot Telegram Executor] New update!
2022-07-08 16:29:49,856 INFO r.k.f.Bot [personal_financier1_bot Telegram Executor] Execution command: /delete_category
2022-07-08 16:30:11,535 INFO r.k.f.Bot [main] Bot started!
2022-07-08 16:30:14,045 INFO r.k.f.Bot [personal_financier1_bot Telegram Executor] New update!
2022-07-08 16:30:14,046 INFO r.k.f.Bot [personal_financier1_bot Telegram Executor] Execution command: /delete_category
2022-07-08 16:30:17,804 INFO r.k.f.Bot [personal_financier1_bot Telegram Executor] New update!
2022-07-08 16:30:17,805 INFO r.k.f.Bot [personal_financier1_bot Telegram Executor] Processing message: Бензин 200
2022-07-08 16:30:17,809 INFO r.k.f.Bot [personal_financier1_bot Telegram Executor] Create category : Бензин 200
2022-07-08 16:30:19,793 INFO r.k.f.Bot [personal_financier1_bot Telegram Executor] New update!
2022-07-08 16:30:19,793 INFO r.k.f.Bot [personal_financier1_bot Telegram Executor] Execution command: /delete_category
2022-07-08 16:30:22,196 INFO r.k.f.Bot [personal_financier1_bot Telegram Executor] New update!
2022-07-08 16:30:22,196 INFO r.k.f.Bot [personal_financier1_bot Telegram Executor] Delete a button: Бензин
2022-07-08 16:30:25,973 INFO r.k.f.Bot [personal_financier1_bot Telegram Executor] New update!
2022-07-08 16:30:25,973 INFO r.k.f.Bot [personal_financier1_bot Telegram Executor] Execution command: /list_expenses
2022-07-08 16:30:31,921 INFO r.k.f.Bot [personal_financier1_bot Telegram Executor] New update!
2022-07-08 16:30:31,922 INFO r.k.f.Bot [personal_financier1_bot Telegram Executor] Processing message: Бензин 200
2022-07-08 16:30:31,924 INFO r.k.f.Bot [personal_financier1_bot Telegram Executor] Create category : Бензин 200
2022-07-08 17:31:53,395 INFO r.k.f.Bot [personal_financier1_bot Telegram Executor] New update!
2022-07-08 17:31:53,396 INFO r.k.f.Bot [personal_financier1_bot Telegram Executor] Execution command: /list_expenses
2022-07-08 17:32:01,071 INFO r.k.f.Bot [personal_financier1_bot Telegram Executor] New update!
2022-07-08 17:32:01,071 INFO r.k.f.Bot [personal_financier1_bot Telegram Executor] Processing message: Квартира 33000
2022-07-08 17:32:01,073 INFO r.k.f.Bot [personal_financier1_bot Telegram Executor] Create category : Квартира 33000
2022-07-08 17:32:03,923 INFO r.k.f.Bot [personal_financier1_bot Telegram Executor] New update!
2022-07-08 17:32:03,924 INFO r.k.f.Bot [personal_financier1_bot Telegram Executor] Execution command: /list_expenses
2022-07-08 17:32:06,125 INFO r.k.f.Bot [personal_financier1_bot Telegram Executor] New update!
2022-07-08 17:32:06,125 INFO r.k.f.Bot [personal_financier1_bot Telegram Executor] Execution command: /delete_category
2022-07-08 17:32:07,608 INFO r.k.f.Bot [personal_financier1_bot Telegram Executor] New update!
2022-07-08 17:32:07,609 INFO r.k.f.Bot [personal_financier1_bot Telegram Executor] Delete a button: Бензин
2022-07-08 17:32:09,199 INFO r.k.f.Bot [personal_financier1_bot Telegram Executor] New update!
2022-07-08 17:32:09,199 INFO r.k.f.Bot [personal_financier1_bot Telegram Executor] Delete a button: Квартира
2022-07-08 17:32:13,171 INFO r.k.f.Bot [personal_financier1_bot Telegram Executor] New update!
2022-07-08 17:32:13,171 INFO r.k.f.Bot [personal_financier1_bot Telegram Executor] Execution command: /cancel_delete
2022-07-08 17:32:17,154 INFO r.k.f.Bot [personal_financier1_bot Telegram Executor] New update!
2022-07-08 17:32:17,154 INFO r.k.f.Bot [personal_financier1_bot Telegram Executor] Execution command: /list_expenses
2022-07-08 17:32:19,944 INFO r.k.f.Bot [personal_financier1_bot Telegram Executor] New update!
2022-07-08 17:32:19,944 INFO r.k.f.Bot [personal_financier1_bot Telegram Executor] Delete a button: Квартира
2022-07-08 17:32:25,070 INFO r.k.f.Bot [personal_financier1_bot Telegram Executor] New update!
2022-07-08 17:32:25,071 INFO r.k.f.Bot [personal_financier1_bot Telegram Executor] Execution command: /list_expenses
2022-07-08 19:38:18,798 INFO r.k.f.Bot [main] Bot started!
